<?xml version="1.0" encoding="UTF-8"?>
<testsuite xmlns:xsi="http://www.w3.org/2001/XMLSchema-instance" xsi:noNamespaceSchemaLocation="https://maven.apache.org/surefire/maven-surefire-plugin/xsd/surefire-test-report.xsd" name="com.camunda.UserFetchDemo.UserFetchDemoApplicationTests" time="42.782" tests="1" errors="1" skipped="0" failures="0">
  <properties>
    <property name="sun.desktop" value="windows"/>
    <property name="awt.toolkit" value="sun.awt.windows.WToolkit"/>
    <property name="file.encoding.pkg" value="sun.io"/>
    <property name="java.specification.version" value="1.8"/>
    <property name="sun.cpu.isalist" value="amd64"/>
    <property name="sun.jnu.encoding" value="Cp1252"/>
    <property name="java.class.path" value="E:\JobWS\UserFetchDemo\target\test-classes;E:\JobWS\UserFetchDemo\target\classes;C:\Users\Ankita\.m2\repository\org\springframework\boot\spring-boot-starter-web\2.1.0.BUILD-SNAPSHOT\spring-boot-starter-web-2.1.0.BUILD-SNAPSHOT.jar;C:\Users\Ankita\.m2\repository\org\springframework\boot\spring-boot-starter\2.1.0.BUILD-SNAPSHOT\spring-boot-starter-2.1.0.BUILD-SNAPSHOT.jar;C:\Users\Ankita\.m2\repository\org\springframework\boot\spring-boot-starter-logging\2.1.0.BUILD-SNAPSHOT\spring-boot-starter-logging-2.1.0.BUILD-SNAPSHOT.jar;C:\Users\Ankita\.m2\repository\ch\qos\logback\logback-classic\1.2.3\logback-classic-1.2.3.jar;C:\Users\Ankita\.m2\repository\ch\qos\logback\logback-core\1.2.3\logback-core-1.2.3.jar;C:\Users\Ankita\.m2\repository\org\apache\logging\log4j\log4j-to-slf4j\2.11.0\log4j-to-slf4j-2.11.0.jar;C:\Users\Ankita\.m2\repository\org\apache\logging\log4j\log4j-api\2.11.0\log4j-api-2.11.0.jar;C:\Users\Ankita\.m2\repository\org\slf4j\jul-to-slf4j\1.7.25\jul-to-slf4j-1.7.25.jar;C:\Users\Ankita\.m2\repository\javax\annotation\javax.annotation-api\1.3.2\javax.annotation-api-1.3.2.jar;C:\Users\Ankita\.m2\repository\org\yaml\snakeyaml\1.21\snakeyaml-1.21.jar;C:\Users\Ankita\.m2\repository\org\springframework\boot\spring-boot-starter-json\2.1.0.BUILD-SNAPSHOT\spring-boot-starter-json-2.1.0.BUILD-SNAPSHOT.jar;C:\Users\Ankita\.m2\repository\com\fasterxml\jackson\core\jackson-databind\2.9.6\jackson-databind-2.9.6.jar;C:\Users\Ankita\.m2\repository\com\fasterxml\jackson\core\jackson-annotations\2.9.0\jackson-annotations-2.9.0.jar;C:\Users\Ankita\.m2\repository\com\fasterxml\jackson\core\jackson-core\2.9.6\jackson-core-2.9.6.jar;C:\Users\Ankita\.m2\repository\com\fasterxml\jackson\datatype\jackson-datatype-jdk8\2.9.6\jackson-datatype-jdk8-2.9.6.jar;C:\Users\Ankita\.m2\repository\com\fasterxml\jackson\datatype\jackson-datatype-jsr310\2.9.6\jackson-datatype-jsr310-2.9.6.jar;C:\Users\Ankita\.m2\repository\com\fasterxml\jackson\module\jackson-module-parameter-names\2.9.6\jackson-module-parameter-names-2.9.6.jar;C:\Users\Ankita\.m2\repository\org\springframework\boot\spring-boot-starter-tomcat\2.1.0.BUILD-SNAPSHOT\spring-boot-starter-tomcat-2.1.0.BUILD-SNAPSHOT.jar;C:\Users\Ankita\.m2\repository\org\apache\tomcat\embed\tomcat-embed-core\9.0.10\tomcat-embed-core-9.0.10.jar;C:\Users\Ankita\.m2\repository\org\apache\tomcat\embed\tomcat-embed-el\9.0.10\tomcat-embed-el-9.0.10.jar;C:\Users\Ankita\.m2\repository\org\apache\tomcat\embed\tomcat-embed-websocket\9.0.10\tomcat-embed-websocket-9.0.10.jar;C:\Users\Ankita\.m2\repository\org\hibernate\validator\hibernate-validator\6.0.11.Final\hibernate-validator-6.0.11.Final.jar;C:\Users\Ankita\.m2\repository\javax\validation\validation-api\2.0.1.Final\validation-api-2.0.1.Final.jar;C:\Users\Ankita\.m2\repository\org\jboss\logging\jboss-logging\3.3.2.Final\jboss-logging-3.3.2.Final.jar;C:\Users\Ankita\.m2\repository\com\fasterxml\classmate\1.3.4\classmate-1.3.4.jar;C:\Users\Ankita\.m2\repository\org\springframework\spring-web\5.1.0.RC1\spring-web-5.1.0.RC1.jar;C:\Users\Ankita\.m2\repository\org\springframework\spring-beans\5.1.0.RC1\spring-beans-5.1.0.RC1.jar;C:\Users\Ankita\.m2\repository\org\springframework\spring-webmvc\5.1.0.RC1\spring-webmvc-5.1.0.RC1.jar;C:\Users\Ankita\.m2\repository\org\springframework\spring-aop\5.1.0.RC1\spring-aop-5.1.0.RC1.jar;C:\Users\Ankita\.m2\repository\org\springframework\spring-context\5.1.0.RC1\spring-context-5.1.0.RC1.jar;C:\Users\Ankita\.m2\repository\org\springframework\spring-expression\5.1.0.RC1\spring-expression-5.1.0.RC1.jar;C:\Users\Ankita\.m2\repository\org\springframework\boot\spring-boot-devtools\2.1.0.BUILD-SNAPSHOT\spring-boot-devtools-2.1.0.BUILD-SNAPSHOT.jar;C:\Users\Ankita\.m2\repository\org\springframework\boot\spring-boot\2.1.0.BUILD-SNAPSHOT\spring-boot-2.1.0.BUILD-SNAPSHOT.jar;C:\Users\Ankita\.m2\repository\org\springframework\boot\spring-boot-autoconfigure\2.1.0.BUILD-SNAPSHOT\spring-boot-autoconfigure-2.1.0.BUILD-SNAPSHOT.jar;C:\Users\Ankita\.m2\repository\org\springframework\boot\spring-boot-starter-test\2.1.0.BUILD-SNAPSHOT\spring-boot-starter-test-2.1.0.BUILD-SNAPSHOT.jar;C:\Users\Ankita\.m2\repository\org\springframework\boot\spring-boot-test\2.1.0.BUILD-SNAPSHOT\spring-boot-test-2.1.0.BUILD-SNAPSHOT.jar;C:\Users\Ankita\.m2\repository\org\springframework\boot\spring-boot-test-autoconfigure\2.1.0.BUILD-SNAPSHOT\spring-boot-test-autoconfigure-2.1.0.BUILD-SNAPSHOT.jar;C:\Users\Ankita\.m2\repository\com\jayway\jsonpath\json-path\2.4.0\json-path-2.4.0.jar;C:\Users\Ankita\.m2\repository\net\minidev\json-smart\2.3\json-smart-2.3.jar;C:\Users\Ankita\.m2\repository\net\minidev\accessors-smart\1.2\accessors-smart-1.2.jar;C:\Users\Ankita\.m2\repository\org\ow2\asm\asm\5.0.4\asm-5.0.4.jar;C:\Users\Ankita\.m2\repository\org\slf4j\slf4j-api\1.7.25\slf4j-api-1.7.25.jar;C:\Users\Ankita\.m2\repository\junit\junit\4.12\junit-4.12.jar;C:\Users\Ankita\.m2\repository\org\assertj\assertj-core\3.10.0\assertj-core-3.10.0.jar;C:\Users\Ankita\.m2\repository\org\mockito\mockito-core\2.19.1\mockito-core-2.19.1.jar;C:\Users\Ankita\.m2\repository\net\bytebuddy\byte-buddy\1.8.13\byte-buddy-1.8.13.jar;C:\Users\Ankita\.m2\repository\net\bytebuddy\byte-buddy-agent\1.8.13\byte-buddy-agent-1.8.13.jar;C:\Users\Ankita\.m2\repository\org\objenesis\objenesis\2.6\objenesis-2.6.jar;C:\Users\Ankita\.m2\repository\org\hamcrest\hamcrest-core\1.3\hamcrest-core-1.3.jar;C:\Users\Ankita\.m2\repository\org\hamcrest\hamcrest-library\1.3\hamcrest-library-1.3.jar;C:\Users\Ankita\.m2\repository\org\skyscreamer\jsonassert\1.5.0\jsonassert-1.5.0.jar;C:\Users\Ankita\.m2\repository\com\vaadin\external\google\android-json\0.0.20131108.vaadin1\android-json-0.0.20131108.vaadin1.jar;C:\Users\Ankita\.m2\repository\org\springframework\spring-core\5.1.0.RC1\spring-core-5.1.0.RC1.jar;C:\Users\Ankita\.m2\repository\org\springframework\spring-jcl\5.1.0.RC1\spring-jcl-5.1.0.RC1.jar;C:\Users\Ankita\.m2\repository\org\springframework\spring-test\5.1.0.RC1\spring-test-5.1.0.RC1.jar;C:\Users\Ankita\.m2\repository\org\xmlunit\xmlunit-core\2.6.0\xmlunit-core-2.6.0.jar;"/>
    <property name="java.vm.vendor" value="Oracle Corporation"/>
    <property name="sun.arch.data.model" value="64"/>
    <property name="user.variant" value=""/>
    <property name="java.vendor.url" value="http://java.oracle.com/"/>
    <property name="user.timezone" value="Europe/Berlin"/>
    <property name="java.vm.specification.version" value="1.8"/>
    <property name="os.name" value="Windows 7"/>
    <property name="user.country" value="US"/>
    <property name="sun.java.launcher" value="SUN_STANDARD"/>
    <property name="sun.boot.library.path" value="C:\Program Files (x86)\Java\jdk1.8.0_31\jre\bin"/>
    <property name="sun.java.command" value="C:\Users\Ankita\AppData\Local\Temp\surefire3949182888828044289\surefirebooter520505795569121776.jar C:\Users\Ankita\AppData\Local\Temp\surefire3949182888828044289 2018-08-09T21-40-14_857-jvmRun1 surefire8089611874962301675tmp surefire_03920395516135533580tmp"/>
    <property name="surefire.test.class.path" value="E:\JobWS\UserFetchDemo\target\test-classes;E:\JobWS\UserFetchDemo\target\classes;C:\Users\Ankita\.m2\repository\org\springframework\boot\spring-boot-starter-web\2.1.0.BUILD-SNAPSHOT\spring-boot-starter-web-2.1.0.BUILD-SNAPSHOT.jar;C:\Users\Ankita\.m2\repository\org\springframework\boot\spring-boot-starter\2.1.0.BUILD-SNAPSHOT\spring-boot-starter-2.1.0.BUILD-SNAPSHOT.jar;C:\Users\Ankita\.m2\repository\org\springframework\boot\spring-boot-starter-logging\2.1.0.BUILD-SNAPSHOT\spring-boot-starter-logging-2.1.0.BUILD-SNAPSHOT.jar;C:\Users\Ankita\.m2\repository\ch\qos\logback\logback-classic\1.2.3\logback-classic-1.2.3.jar;C:\Users\Ankita\.m2\repository\ch\qos\logback\logback-core\1.2.3\logback-core-1.2.3.jar;C:\Users\Ankita\.m2\repository\org\apache\logging\log4j\log4j-to-slf4j\2.11.0\log4j-to-slf4j-2.11.0.jar;C:\Users\Ankita\.m2\repository\org\apache\logging\log4j\log4j-api\2.11.0\log4j-api-2.11.0.jar;C:\Users\Ankita\.m2\repository\org\slf4j\jul-to-slf4j\1.7.25\jul-to-slf4j-1.7.25.jar;C:\Users\Ankita\.m2\repository\javax\annotation\javax.annotation-api\1.3.2\javax.annotation-api-1.3.2.jar;C:\Users\Ankita\.m2\repository\org\yaml\snakeyaml\1.21\snakeyaml-1.21.jar;C:\Users\Ankita\.m2\repository\org\springframework\boot\spring-boot-starter-json\2.1.0.BUILD-SNAPSHOT\spring-boot-starter-json-2.1.0.BUILD-SNAPSHOT.jar;C:\Users\Ankita\.m2\repository\com\fasterxml\jackson\core\jackson-databind\2.9.6\jackson-databind-2.9.6.jar;C:\Users\Ankita\.m2\repository\com\fasterxml\jackson\core\jackson-annotations\2.9.0\jackson-annotations-2.9.0.jar;C:\Users\Ankita\.m2\repository\com\fasterxml\jackson\core\jackson-core\2.9.6\jackson-core-2.9.6.jar;C:\Users\Ankita\.m2\repository\com\fasterxml\jackson\datatype\jackson-datatype-jdk8\2.9.6\jackson-datatype-jdk8-2.9.6.jar;C:\Users\Ankita\.m2\repository\com\fasterxml\jackson\datatype\jackson-datatype-jsr310\2.9.6\jackson-datatype-jsr310-2.9.6.jar;C:\Users\Ankita\.m2\repository\com\fasterxml\jackson\module\jackson-module-parameter-names\2.9.6\jackson-module-parameter-names-2.9.6.jar;C:\Users\Ankita\.m2\repository\org\springframework\boot\spring-boot-starter-tomcat\2.1.0.BUILD-SNAPSHOT\spring-boot-starter-tomcat-2.1.0.BUILD-SNAPSHOT.jar;C:\Users\Ankita\.m2\repository\org\apache\tomcat\embed\tomcat-embed-core\9.0.10\tomcat-embed-core-9.0.10.jar;C:\Users\Ankita\.m2\repository\org\apache\tomcat\embed\tomcat-embed-el\9.0.10\tomcat-embed-el-9.0.10.jar;C:\Users\Ankita\.m2\repository\org\apache\tomcat\embed\tomcat-embed-websocket\9.0.10\tomcat-embed-websocket-9.0.10.jar;C:\Users\Ankita\.m2\repository\org\hibernate\validator\hibernate-validator\6.0.11.Final\hibernate-validator-6.0.11.Final.jar;C:\Users\Ankita\.m2\repository\javax\validation\validation-api\2.0.1.Final\validation-api-2.0.1.Final.jar;C:\Users\Ankita\.m2\repository\org\jboss\logging\jboss-logging\3.3.2.Final\jboss-logging-3.3.2.Final.jar;C:\Users\Ankita\.m2\repository\com\fasterxml\classmate\1.3.4\classmate-1.3.4.jar;C:\Users\Ankita\.m2\repository\org\springframework\spring-web\5.1.0.RC1\spring-web-5.1.0.RC1.jar;C:\Users\Ankita\.m2\repository\org\springframework\spring-beans\5.1.0.RC1\spring-beans-5.1.0.RC1.jar;C:\Users\Ankita\.m2\repository\org\springframework\spring-webmvc\5.1.0.RC1\spring-webmvc-5.1.0.RC1.jar;C:\Users\Ankita\.m2\repository\org\springframework\spring-aop\5.1.0.RC1\spring-aop-5.1.0.RC1.jar;C:\Users\Ankita\.m2\repository\org\springframework\spring-context\5.1.0.RC1\spring-context-5.1.0.RC1.jar;C:\Users\Ankita\.m2\repository\org\springframework\spring-expression\5.1.0.RC1\spring-expression-5.1.0.RC1.jar;C:\Users\Ankita\.m2\repository\org\springframework\boot\spring-boot-devtools\2.1.0.BUILD-SNAPSHOT\spring-boot-devtools-2.1.0.BUILD-SNAPSHOT.jar;C:\Users\Ankita\.m2\repository\org\springframework\boot\spring-boot\2.1.0.BUILD-SNAPSHOT\spring-boot-2.1.0.BUILD-SNAPSHOT.jar;C:\Users\Ankita\.m2\repository\org\springframework\boot\spring-boot-autoconfigure\2.1.0.BUILD-SNAPSHOT\spring-boot-autoconfigure-2.1.0.BUILD-SNAPSHOT.jar;C:\Users\Ankita\.m2\repository\org\springframework\boot\spring-boot-starter-test\2.1.0.BUILD-SNAPSHOT\spring-boot-starter-test-2.1.0.BUILD-SNAPSHOT.jar;C:\Users\Ankita\.m2\repository\org\springframework\boot\spring-boot-test\2.1.0.BUILD-SNAPSHOT\spring-boot-test-2.1.0.BUILD-SNAPSHOT.jar;C:\Users\Ankita\.m2\repository\org\springframework\boot\spring-boot-test-autoconfigure\2.1.0.BUILD-SNAPSHOT\spring-boot-test-autoconfigure-2.1.0.BUILD-SNAPSHOT.jar;C:\Users\Ankita\.m2\repository\com\jayway\jsonpath\json-path\2.4.0\json-path-2.4.0.jar;C:\Users\Ankita\.m2\repository\net\minidev\json-smart\2.3\json-smart-2.3.jar;C:\Users\Ankita\.m2\repository\net\minidev\accessors-smart\1.2\accessors-smart-1.2.jar;C:\Users\Ankita\.m2\repository\org\ow2\asm\asm\5.0.4\asm-5.0.4.jar;C:\Users\Ankita\.m2\repository\org\slf4j\slf4j-api\1.7.25\slf4j-api-1.7.25.jar;C:\Users\Ankita\.m2\repository\junit\junit\4.12\junit-4.12.jar;C:\Users\Ankita\.m2\repository\org\assertj\assertj-core\3.10.0\assertj-core-3.10.0.jar;C:\Users\Ankita\.m2\repository\org\mockito\mockito-core\2.19.1\mockito-core-2.19.1.jar;C:\Users\Ankita\.m2\repository\net\bytebuddy\byte-buddy\1.8.13\byte-buddy-1.8.13.jar;C:\Users\Ankita\.m2\repository\net\bytebuddy\byte-buddy-agent\1.8.13\byte-buddy-agent-1.8.13.jar;C:\Users\Ankita\.m2\repository\org\objenesis\objenesis\2.6\objenesis-2.6.jar;C:\Users\Ankita\.m2\repository\org\hamcrest\hamcrest-core\1.3\hamcrest-core-1.3.jar;C:\Users\Ankita\.m2\repository\org\hamcrest\hamcrest-library\1.3\hamcrest-library-1.3.jar;C:\Users\Ankita\.m2\repository\org\skyscreamer\jsonassert\1.5.0\jsonassert-1.5.0.jar;C:\Users\Ankita\.m2\repository\com\vaadin\external\google\android-json\0.0.20131108.vaadin1\android-json-0.0.20131108.vaadin1.jar;C:\Users\Ankita\.m2\repository\org\springframework\spring-core\5.1.0.RC1\spring-core-5.1.0.RC1.jar;C:\Users\Ankita\.m2\repository\org\springframework\spring-jcl\5.1.0.RC1\spring-jcl-5.1.0.RC1.jar;C:\Users\Ankita\.m2\repository\org\springframework\spring-test\5.1.0.RC1\spring-test-5.1.0.RC1.jar;C:\Users\Ankita\.m2\repository\org\xmlunit\xmlunit-core\2.6.0\xmlunit-core-2.6.0.jar;"/>
    <property name="sun.cpu.endian" value="little"/>
    <property name="user.home" value="C:\Users\Ankita"/>
    <property name="user.language" value="en"/>
    <property name="java.specification.vendor" value="Oracle Corporation"/>
    <property name="java.home" value="C:\Program Files (x86)\Java\jdk1.8.0_31\jre"/>
    <property name="basedir" value="E:\JobWS\UserFetchDemo"/>
    <property name="file.separator" value="\"/>
    <property name="line.separator" value="&#10;"/>
    <property name="java.vm.specification.vendor" value="Oracle Corporation"/>
    <property name="java.specification.name" value="Java Platform API Specification"/>
    <property name="java.awt.graphicsenv" value="sun.awt.Win32GraphicsEnvironment"/>
    <property name="surefire.real.class.path" value="C:\Users\Ankita\AppData\Local\Temp\surefire3949182888828044289\surefirebooter520505795569121776.jar"/>
    <property name="sun.boot.class.path" value="C:\Program Files (x86)\Java\jdk1.8.0_31\jre\lib\resources.jar;C:\Program Files (x86)\Java\jdk1.8.0_31\jre\lib\rt.jar;C:\Program Files (x86)\Java\jdk1.8.0_31\jre\lib\sunrsasign.jar;C:\Program Files (x86)\Java\jdk1.8.0_31\jre\lib\jsse.jar;C:\Program Files (x86)\Java\jdk1.8.0_31\jre\lib\jce.jar;C:\Program Files (x86)\Java\jdk1.8.0_31\jre\lib\charsets.jar;C:\Program Files (x86)\Java\jdk1.8.0_31\jre\lib\jfr.jar;C:\Program Files (x86)\Java\jdk1.8.0_31\jre\classes"/>
    <property name="user.script" value=""/>
    <property name="sun.management.compiler" value="HotSpot 64-Bit Tiered Compilers"/>
    <property name="java.runtime.version" value="1.8.0_31-b13"/>
    <property name="user.name" value="Ankita"/>
    <property name="path.separator" value=";"/>
    <property name="os.version" value="6.1"/>
    <property name="java.endorsed.dirs" value="C:\Program Files (x86)\Java\jdk1.8.0_31\jre\lib\endorsed"/>
    <property name="java.runtime.name" value="Java(TM) SE Runtime Environment"/>
    <property name="file.encoding" value="Cp1252"/>
    <property name="java.vm.name" value="Java HotSpot(TM) 64-Bit Server VM"/>
    <property name="localRepository" value="C:\Users\Ankita\.m2\repository"/>
    <property name="java.vendor.url.bug" value="http://bugreport.sun.com/bugreport/"/>
    <property name="java.io.tmpdir" value="C:\Users\Ankita\AppData\Local\Temp\"/>
    <property name="java.version" value="1.8.0_31"/>
    <property name="user.dir" value="E:\JobWS\UserFetchDemo"/>
    <property name="os.arch" value="amd64"/>
    <property name="java.vm.specification.name" value="Java Virtual Machine Specification"/>
    <property name="java.awt.printerjob" value="sun.awt.windows.WPrinterJob"/>
    <property name="sun.os.patch.level" value=""/>
    <property name="java.library.path" value="C:\Program Files (x86)\Java\jdk1.8.0_31\jre\bin;C:\Windows\Sun\Java\bin;C:\Windows\system32;C:\Windows;C:/Program Files/Java/jre1.8.0_31/bin/server;C:/Program Files/Java/jre1.8.0_31/bin;C:/Program Files/Java/jre1.8.0_31/lib/amd64;C:\ProgramData\Oracle\Java\javapath;C:\Windows\system32;C:\Windows;C:\Windows\System32\Wbem;C:\Windows\System32\WindowsPowerShell\v1.0\;C:\Program Files\Java\jdk1.8.0_31\bin;C:\Program Files\Java\jre1.8.0_31\bin;E:\supporting Software\apache-tomcat-7.0.77-windows-x64\apache-tomcat-7.0.77\bin;C:\Program Files (x86)\Skype\Phone\;C:\Users\Ankita\Downloads\eclipse-jee-mars-2-win32-x86_64\eclipse;;."/>
    <property name="java.vm.info" value="mixed mode"/>
    <property name="java.vendor" value="Oracle Corporation"/>
    <property name="java.vm.version" value="25.31-b07"/>
    <property name="java.ext.dirs" value="C:\Program Files (x86)\Java\jdk1.8.0_31\jre\lib\ext;C:\Windows\Sun\Java\lib\ext"/>
    <property name="sun.io.unicode.encoding" value="UnicodeLittle"/>
    <property name="java.class.version" value="52.0"/>
  </properties>
  <testcase name="contextLoads" classname="com.camunda.UserFetchDemo.UserFetchDemoApplicationTests" time="0.018">
    <error message="Failed to load ApplicationContext" type="java.lang.IllegalStateException">java.lang.IllegalStateException: Failed to load ApplicationContext
Caused by: org.springframework.beans.factory.BeanCreationException: Error creating bean with name 'run' defined in com.camunda.UserFetchDemo.UserFetchDemoApplication: Bean instantiation via factory method failed; nested exception is org.springframework.beans.BeanInstantiationException: Failed to instantiate [org.springframework.boot.CommandLineRunner]: Factory method 'run' threw exception; nested exception is com.camunda.UserFetchDemo.TaskException
Caused by: org.springframework.beans.BeanInstantiationException: Failed to instantiate [org.springframework.boot.CommandLineRunner]: Factory method 'run' threw exception; nested exception is com.camunda.UserFetchDemo.TaskException
Caused by: com.camunda.UserFetchDemo.TaskException
</error>
    <system-out><![CDATA[21:40:18.220 [main] DEBUG org.springframework.test.context.junit4.SpringJUnit4ClassRunner - SpringJUnit4ClassRunner constructor called with [class com.camunda.UserFetchDemo.UserFetchDemoApplicationTests]
21:40:18.233 [main] DEBUG org.springframework.test.context.BootstrapUtils - Instantiating CacheAwareContextLoaderDelegate from class [org.springframework.test.context.cache.DefaultCacheAwareContextLoaderDelegate]
21:40:18.255 [main] DEBUG org.springframework.test.context.BootstrapUtils - Instantiating BootstrapContext using constructor [public org.springframework.test.context.support.DefaultBootstrapContext(java.lang.Class,org.springframework.test.context.CacheAwareContextLoaderDelegate)]
21:40:18.298 [main] DEBUG org.springframework.test.context.BootstrapUtils - Instantiating TestContextBootstrapper for test class [com.camunda.UserFetchDemo.UserFetchDemoApplicationTests] from class [org.springframework.boot.test.context.SpringBootTestContextBootstrapper]
21:40:18.415 [main] INFO org.springframework.boot.test.context.SpringBootTestContextBootstrapper - Neither @ContextConfiguration nor @ContextHierarchy found for test class [com.camunda.UserFetchDemo.UserFetchDemoApplicationTests], using SpringBootContextLoader
21:40:18.422 [main] DEBUG org.springframework.test.context.support.AbstractContextLoader - Did not detect default resource location for test class [com.camunda.UserFetchDemo.UserFetchDemoApplicationTests]: class path resource [com/camunda/UserFetchDemo/UserFetchDemoApplicationTests-context.xml] does not exist
21:40:18.423 [main] DEBUG org.springframework.test.context.support.AbstractContextLoader - Did not detect default resource location for test class [com.camunda.UserFetchDemo.UserFetchDemoApplicationTests]: class path resource [com/camunda/UserFetchDemo/UserFetchDemoApplicationTestsContext.groovy] does not exist
21:40:18.424 [main] INFO org.springframework.test.context.support.AbstractContextLoader - Could not detect default resource locations for test class [com.camunda.UserFetchDemo.UserFetchDemoApplicationTests]: no resource found for suffixes {-context.xml, Context.groovy}.
21:40:18.426 [main] INFO org.springframework.test.context.support.AnnotationConfigContextLoaderUtils - Could not detect default configuration classes for test class [com.camunda.UserFetchDemo.UserFetchDemoApplicationTests]: UserFetchDemoApplicationTests does not declare any static, non-private, non-final, nested classes annotated with @Configuration.
21:40:18.665 [main] DEBUG org.springframework.test.context.support.ActiveProfilesUtils - Could not find an 'annotation declaring class' for annotation type [org.springframework.test.context.ActiveProfiles] and class [com.camunda.UserFetchDemo.UserFetchDemoApplicationTests]
21:40:18.885 [main] DEBUG org.springframework.context.annotation.ClassPathScanningCandidateComponentProvider - Identified candidate component class: file [E:\JobWS\UserFetchDemo\target\classes\com\camunda\UserFetchDemo\UserFetchDemoApplication.class]
21:40:18.888 [main] INFO org.springframework.boot.test.context.SpringBootTestContextBootstrapper - Found @SpringBootConfiguration com.camunda.UserFetchDemo.UserFetchDemoApplication for test class com.camunda.UserFetchDemo.UserFetchDemoApplicationTests
21:40:19.108 [main] DEBUG org.springframework.boot.test.context.SpringBootTestContextBootstrapper - @TestExecutionListeners is not present for class [com.camunda.UserFetchDemo.UserFetchDemoApplicationTests]: using defaults.
21:40:19.128 [main] INFO org.springframework.boot.test.context.SpringBootTestContextBootstrapper - Loaded default TestExecutionListener class names from location [META-INF/spring.factories]: [org.springframework.boot.test.mock.mockito.MockitoTestExecutionListener, org.springframework.boot.test.mock.mockito.ResetMocksTestExecutionListener, org.springframework.boot.test.autoconfigure.restdocs.RestDocsTestExecutionListener, org.springframework.boot.test.autoconfigure.web.client.MockRestServiceServerResetTestExecutionListener, org.springframework.boot.test.autoconfigure.web.servlet.MockMvcPrintOnlyOnFailureTestExecutionListener, org.springframework.boot.test.autoconfigure.web.servlet.WebDriverTestExecutionListener, org.springframework.test.context.web.ServletTestExecutionListener, org.springframework.test.context.support.DirtiesContextBeforeModesTestExecutionListener, org.springframework.test.context.support.DependencyInjectionTestExecutionListener, org.springframework.test.context.support.DirtiesContextTestExecutionListener, org.springframework.test.context.transaction.TransactionalTestExecutionListener, org.springframework.test.context.jdbc.SqlScriptsTestExecutionListener]
21:40:19.251 [main] DEBUG org.springframework.boot.test.context.SpringBootTestContextBootstrapper - Skipping candidate TestExecutionListener [org.springframework.test.context.transaction.TransactionalTestExecutionListener] due to a missing dependency. Specify custom listener classes or make the default listener classes and their required dependencies available. Offending class: [org/springframework/transaction/interceptor/TransactionAttributeSource]
21:40:19.252 [main] DEBUG org.springframework.boot.test.context.SpringBootTestContextBootstrapper - Skipping candidate TestExecutionListener [org.springframework.test.context.jdbc.SqlScriptsTestExecutionListener] due to a missing dependency. Specify custom listener classes or make the default listener classes and their required dependencies available. Offending class: [org/springframework/transaction/interceptor/TransactionAttribute]
21:40:19.252 [main] INFO org.springframework.boot.test.context.SpringBootTestContextBootstrapper - Using TestExecutionListeners: [org.springframework.test.context.web.ServletTestExecutionListener@2b71e916, org.springframework.test.context.support.DirtiesContextBeforeModesTestExecutionListener@36fc695d, org.springframework.boot.test.mock.mockito.MockitoTestExecutionListener@28701274, org.springframework.boot.test.autoconfigure.SpringBootDependencyInjectionTestExecutionListener@13c9d689, org.springframework.test.context.support.DirtiesContextTestExecutionListener@3754a4bf, org.springframework.boot.test.mock.mockito.ResetMocksTestExecutionListener@62379589, org.springframework.boot.test.autoconfigure.restdocs.RestDocsTestExecutionListener@4afcd809, org.springframework.boot.test.autoconfigure.web.client.MockRestServiceServerResetTestExecutionListener@175c2241, org.springframework.boot.test.autoconfigure.web.servlet.MockMvcPrintOnlyOnFailureTestExecutionListener@5bf0d49, org.springframework.boot.test.autoconfigure.web.servlet.WebDriverTestExecutionListener@5b7a5baa]
21:40:19.266 [main] DEBUG org.springframework.test.annotation.ProfileValueUtils - Retrieved @ProfileValueSourceConfiguration [null] for test class [com.camunda.UserFetchDemo.UserFetchDemoApplicationTests]
21:40:19.267 [main] DEBUG org.springframework.test.annotation.ProfileValueUtils - Retrieved ProfileValueSource type [class org.springframework.test.annotation.SystemProfileValueSource] for class [com.camunda.UserFetchDemo.UserFetchDemoApplicationTests]
21:40:19.272 [main] DEBUG org.springframework.test.annotation.ProfileValueUtils - Retrieved @ProfileValueSourceConfiguration [null] for test class [com.camunda.UserFetchDemo.UserFetchDemoApplicationTests]
21:40:19.273 [main] DEBUG org.springframework.test.annotation.ProfileValueUtils - Retrieved ProfileValueSource type [class org.springframework.test.annotation.SystemProfileValueSource] for class [com.camunda.UserFetchDemo.UserFetchDemoApplicationTests]
21:40:19.294 [main] DEBUG org.springframework.test.annotation.ProfileValueUtils - Retrieved @ProfileValueSourceConfiguration [null] for test class [com.camunda.UserFetchDemo.UserFetchDemoApplicationTests]
21:40:19.294 [main] DEBUG org.springframework.test.annotation.ProfileValueUtils - Retrieved ProfileValueSource type [class org.springframework.test.annotation.SystemProfileValueSource] for class [com.camunda.UserFetchDemo.UserFetchDemoApplicationTests]
21:40:19.330 [main] DEBUG org.springframework.test.context.support.AbstractDirtiesContextTestExecutionListener - Before test class: context [DefaultTestContext@6150c3ec testClass = UserFetchDemoApplicationTests, testInstance = [null], testMethod = [null], testException = [null], mergedContextConfiguration = [WebMergedContextConfiguration@44c03695 testClass = UserFetchDemoApplicationTests, locations = '{}', classes = '{class com.camunda.UserFetchDemo.UserFetchDemoApplication}', contextInitializerClasses = '[]', activeProfiles = '{}', propertySourceLocations = '{}', propertySourceProperties = '{org.springframework.boot.test.context.SpringBootTestContextBootstrapper=true}', contextCustomizers = set[org.springframework.boot.test.context.filter.ExcludeFilterContextCustomizer@401e7803, org.springframework.boot.test.json.DuplicateJsonObjectContextCustomizerFactory$DuplicateJsonObjectContextCustomizer@43a0cee9, org.springframework.boot.test.mock.mockito.MockitoContextCustomizer@0, org.springframework.boot.test.web.client.TestRestTemplateContextCustomizer@5579bb86, org.springframework.boot.test.autoconfigure.properties.PropertyMappingContextCustomizer@0, org.springframework.boot.test.autoconfigure.web.servlet.WebDriverContextCustomizerFactory$Customizer@6d3af739], resourceBasePath = 'src/main/webapp', contextLoader = 'org.springframework.boot.test.context.SpringBootContextLoader', parent = [null]], attributes = map['org.springframework.test.context.web.ServletTestExecutionListener.activateListener' -> true]], class annotated with @DirtiesContext [false] with mode [null].
21:40:19.331 [main] DEBUG org.springframework.test.annotation.ProfileValueUtils - Retrieved @ProfileValueSourceConfiguration [null] for test class [com.camunda.UserFetchDemo.UserFetchDemoApplicationTests]
21:40:19.331 [main] DEBUG org.springframework.test.annotation.ProfileValueUtils - Retrieved ProfileValueSource type [class org.springframework.test.annotation.SystemProfileValueSource] for class [com.camunda.UserFetchDemo.UserFetchDemoApplicationTests]
21:40:19.368 [main] DEBUG org.springframework.test.context.support.TestPropertySourceUtils - Adding inlined properties to environment: {spring.jmx.enabled=false, org.springframework.boot.test.context.SpringBootTestContextBootstrapper=true, server.port=-1}

  .   ____          _            __ _ _
 /\\ / ___'_ __ _ _(_)_ __  __ _ \ \ \ \
( ( )\___ | '_ | '_| | '_ \/ _` | \ \ \ \
 \\/  ___)| |_)| | | | | || (_| |  ) ) ) )
  '  |____| .__|_| |_|_| |_\__, | / / / /
 =========|_|==============|___/=/_/_/_/
 :: Spring Boot ::  (v2.1.0.BUILD-SNAPSHOT)

2018-08-09 21:40:20.573  INFO 5788 --- [           main] c.c.U.UserFetchDemoApplicationTests      : Starting UserFetchDemoApplicationTests on Ankita-Laptop with PID 5788 (started by Ankita in E:\JobWS\UserFetchDemo)
2018-08-09 21:40:20.577  INFO 5788 --- [           main] c.c.U.UserFetchDemoApplicationTests      : No active profile set, falling back to default profiles: default
2018-08-09 21:40:59.969  INFO 5788 --- [           main] com.camunda.UserFetchDemo.TaskException  : Unable to fetch tasks due to 404 
2018-08-09 21:40:59.979  WARN 5788 --- [           main] o.s.w.c.s.GenericWebApplicationContext   : Exception encountered during context initialization - cancelling refresh attempt: org.springframework.beans.factory.BeanCreationException: Error creating bean with name 'run' defined in com.camunda.UserFetchDemo.UserFetchDemoApplication: Bean instantiation via factory method failed; nested exception is org.springframework.beans.BeanInstantiationException: Failed to instantiate [org.springframework.boot.CommandLineRunner]: Factory method 'run' threw exception; nested exception is com.camunda.UserFetchDemo.TaskException
2018-08-09 21:41:00.020  INFO 5788 --- [           main] ConditionEvaluationReportLoggingListener : 

Error starting ApplicationContext. To display the conditions report re-run your application with 'debug' enabled.
2018-08-09 21:41:00.071 ERROR 5788 --- [           main] o.s.boot.SpringApplication               : Application run failed

org.springframework.beans.factory.BeanCreationException: Error creating bean with name 'run' defined in com.camunda.UserFetchDemo.UserFetchDemoApplication: Bean instantiation via factory method failed; nested exception is org.springframework.beans.BeanInstantiationException: Failed to instantiate [org.springframework.boot.CommandLineRunner]: Factory method 'run' threw exception; nested exception is com.camunda.UserFetchDemo.TaskException
	at org.springframework.beans.factory.support.ConstructorResolver.instantiateUsingFactoryMethod(ConstructorResolver.java:594) ~[spring-beans-5.1.0.RC1.jar:5.1.0.RC1]
	at org.springframework.beans.factory.support.AbstractAutowireCapableBeanFactory.instantiateUsingFactoryMethod(AbstractAutowireCapableBeanFactory.java:1282) ~[spring-beans-5.1.0.RC1.jar:5.1.0.RC1]
	at org.springframework.beans.factory.support.AbstractAutowireCapableBeanFactory.createBeanInstance(AbstractAutowireCapableBeanFactory.java:1126) ~[spring-beans-5.1.0.RC1.jar:5.1.0.RC1]
	at org.springframework.beans.factory.support.AbstractAutowireCapableBeanFactory.doCreateBean(AbstractAutowireCapableBeanFactory.java:538) ~[spring-beans-5.1.0.RC1.jar:5.1.0.RC1]
	at org.springframework.beans.factory.support.AbstractAutowireCapableBeanFactory.createBean(AbstractAutowireCapableBeanFactory.java:498) ~[spring-beans-5.1.0.RC1.jar:5.1.0.RC1]
	at org.springframework.beans.factory.support.AbstractBeanFactory.lambda$doGetBean$0(AbstractBeanFactory.java:320) ~[spring-beans-5.1.0.RC1.jar:5.1.0.RC1]
	at org.springframework.beans.factory.support.AbstractBeanFactory$$Lambda$121/884603232.getObject(Unknown Source) ~[na:na]
	at org.springframework.beans.factory.support.DefaultSingletonBeanRegistry.getSingleton(DefaultSingletonBeanRegistry.java:222) ~[spring-beans-5.1.0.RC1.jar:5.1.0.RC1]
	at org.springframework.beans.factory.support.AbstractBeanFactory.doGetBean(AbstractBeanFactory.java:318) ~[spring-beans-5.1.0.RC1.jar:5.1.0.RC1]
	at org.springframework.beans.factory.support.AbstractBeanFactory.getBean(AbstractBeanFactory.java:199) ~[spring-beans-5.1.0.RC1.jar:5.1.0.RC1]
	at org.springframework.beans.factory.support.DefaultListableBeanFactory.preInstantiateSingletons(DefaultListableBeanFactory.java:825) ~[spring-beans-5.1.0.RC1.jar:5.1.0.RC1]
	at org.springframework.context.support.AbstractApplicationContext.finishBeanFactoryInitialization(AbstractApplicationContext.java:865) ~[spring-context-5.1.0.RC1.jar:5.1.0.RC1]
	at org.springframework.context.support.AbstractApplicationContext.refresh(AbstractApplicationContext.java:548) ~[spring-context-5.1.0.RC1.jar:5.1.0.RC1]
	at org.springframework.boot.SpringApplication.refresh(SpringApplication.java:769) ~[spring-boot-2.1.0.BUILD-SNAPSHOT.jar:2.1.0.BUILD-SNAPSHOT]
	at org.springframework.boot.SpringApplication.refreshContext(SpringApplication.java:405) ~[spring-boot-2.1.0.BUILD-SNAPSHOT.jar:2.1.0.BUILD-SNAPSHOT]
	at org.springframework.boot.SpringApplication.run(SpringApplication.java:334) ~[spring-boot-2.1.0.BUILD-SNAPSHOT.jar:2.1.0.BUILD-SNAPSHOT]
	at org.springframework.boot.test.context.SpringBootContextLoader.loadContext(SpringBootContextLoader.java:139) [spring-boot-test-2.1.0.BUILD-SNAPSHOT.jar:2.1.0.BUILD-SNAPSHOT]
	at org.springframework.test.context.cache.DefaultCacheAwareContextLoaderDelegate.loadContextInternal(DefaultCacheAwareContextLoaderDelegate.java:99) [spring-test-5.1.0.RC1.jar:5.1.0.RC1]
	at org.springframework.test.context.cache.DefaultCacheAwareContextLoaderDelegate.loadContext(DefaultCacheAwareContextLoaderDelegate.java:117) [spring-test-5.1.0.RC1.jar:5.1.0.RC1]
	at org.springframework.test.context.support.DefaultTestContext.getApplicationContext(DefaultTestContext.java:108) [spring-test-5.1.0.RC1.jar:5.1.0.RC1]
	at org.springframework.test.context.web.ServletTestExecutionListener.setUpRequestContextIfNecessary(ServletTestExecutionListener.java:190) [spring-test-5.1.0.RC1.jar:5.1.0.RC1]
	at org.springframework.test.context.web.ServletTestExecutionListener.prepareTestInstance(ServletTestExecutionListener.java:132) [spring-test-5.1.0.RC1.jar:5.1.0.RC1]
	at org.springframework.test.context.TestContextManager.prepareTestInstance(TestContextManager.java:246) [spring-test-5.1.0.RC1.jar:5.1.0.RC1]
	at org.springframework.test.context.junit4.SpringJUnit4ClassRunner.createTest(SpringJUnit4ClassRunner.java:227) [spring-test-5.1.0.RC1.jar:5.1.0.RC1]
	at org.springframework.test.context.junit4.SpringJUnit4ClassRunner$1.runReflectiveCall(SpringJUnit4ClassRunner.java:289) [spring-test-5.1.0.RC1.jar:5.1.0.RC1]
	at org.junit.internal.runners.model.ReflectiveCallable.run(ReflectiveCallable.java:12) [junit-4.12.jar:4.12]
	at org.springframework.test.context.junit4.SpringJUnit4ClassRunner.methodBlock(SpringJUnit4ClassRunner.java:291) [spring-test-5.1.0.RC1.jar:5.1.0.RC1]
	at org.springframework.test.context.junit4.SpringJUnit4ClassRunner.runChild(SpringJUnit4ClassRunner.java:246) [spring-test-5.1.0.RC1.jar:5.1.0.RC1]
	at org.springframework.test.context.junit4.SpringJUnit4ClassRunner.runChild(SpringJUnit4ClassRunner.java:97) [spring-test-5.1.0.RC1.jar:5.1.0.RC1]
	at org.junit.runners.ParentRunner$3.run(ParentRunner.java:290) [junit-4.12.jar:4.12]
	at org.junit.runners.ParentRunner$1.schedule(ParentRunner.java:71) [junit-4.12.jar:4.12]
	at org.junit.runners.ParentRunner.runChildren(ParentRunner.java:288) [junit-4.12.jar:4.12]
	at org.junit.runners.ParentRunner.access$000(ParentRunner.java:58) [junit-4.12.jar:4.12]
	at org.junit.runners.ParentRunner$2.evaluate(ParentRunner.java:268) [junit-4.12.jar:4.12]
	at org.springframework.test.context.junit4.statements.RunBeforeTestClassCallbacks.evaluate(RunBeforeTestClassCallbacks.java:61) [spring-test-5.1.0.RC1.jar:5.1.0.RC1]
	at org.springframework.test.context.junit4.statements.RunAfterTestClassCallbacks.evaluate(RunAfterTestClassCallbacks.java:70) [spring-test-5.1.0.RC1.jar:5.1.0.RC1]
	at org.junit.runners.ParentRunner.run(ParentRunner.java:363) [junit-4.12.jar:4.12]
	at org.springframework.test.context.junit4.SpringJUnit4ClassRunner.run(SpringJUnit4ClassRunner.java:190) [spring-test-5.1.0.RC1.jar:5.1.0.RC1]
	at org.apache.maven.surefire.junit4.JUnit4Provider.execute(JUnit4Provider.java:365) [surefire-junit4-2.22.0.jar:2.22.0]
	at org.apache.maven.surefire.junit4.JUnit4Provider.executeWithRerun(JUnit4Provider.java:273) [surefire-junit4-2.22.0.jar:2.22.0]
	at org.apache.maven.surefire.junit4.JUnit4Provider.executeTestSet(JUnit4Provider.java:238) [surefire-junit4-2.22.0.jar:2.22.0]
	at org.apache.maven.surefire.junit4.JUnit4Provider.invoke(JUnit4Provider.java:159) [surefire-junit4-2.22.0.jar:2.22.0]
	at org.apache.maven.surefire.booter.ForkedBooter.invokeProviderInSameClassLoader(ForkedBooter.java:383) [surefire-booter-2.22.0.jar:2.22.0]
	at org.apache.maven.surefire.booter.ForkedBooter.runSuitesInProcess(ForkedBooter.java:344) [surefire-booter-2.22.0.jar:2.22.0]
	at org.apache.maven.surefire.booter.ForkedBooter.execute(ForkedBooter.java:125) [surefire-booter-2.22.0.jar:2.22.0]
	at org.apache.maven.surefire.booter.ForkedBooter.main(ForkedBooter.java:417) [surefire-booter-2.22.0.jar:2.22.0]
Caused by: org.springframework.beans.BeanInstantiationException: Failed to instantiate [org.springframework.boot.CommandLineRunner]: Factory method 'run' threw exception; nested exception is com.camunda.UserFetchDemo.TaskException
	at org.springframework.beans.factory.support.SimpleInstantiationStrategy.instantiate(SimpleInstantiationStrategy.java:185) ~[spring-beans-5.1.0.RC1.jar:5.1.0.RC1]
	at org.springframework.beans.factory.support.ConstructorResolver.instantiateUsingFactoryMethod(ConstructorResolver.java:586) ~[spring-beans-5.1.0.RC1.jar:5.1.0.RC1]
	... 45 common frames omitted
Caused by: com.camunda.UserFetchDemo.TaskException: null
	at com.camunda.UserFetchDemo.UserFetchDemoApplication.run(UserFetchDemoApplication.java:39) ~[classes/:na]
	at com.camunda.UserFetchDemo.UserFetchDemoApplication$$EnhancerBySpringCGLIB$$10e44e7b.CGLIB$run$0(<generated>) ~[classes/:na]
	at com.camunda.UserFetchDemo.UserFetchDemoApplication$$EnhancerBySpringCGLIB$$10e44e7b$$FastClassBySpringCGLIB$$7b988253.invoke(<generated>) ~[classes/:na]
	at org.springframework.cglib.proxy.MethodProxy.invokeSuper(MethodProxy.java:244) ~[spring-core-5.1.0.RC1.jar:5.1.0.RC1]
	at org.springframework.context.annotation.ConfigurationClassEnhancer$BeanMethodInterceptor.intercept(ConfigurationClassEnhancer.java:361) ~[spring-context-5.1.0.RC1.jar:5.1.0.RC1]
	at com.camunda.UserFetchDemo.UserFetchDemoApplication$$EnhancerBySpringCGLIB$$10e44e7b.run(<generated>) ~[classes/:na]
	at sun.reflect.NativeMethodAccessorImpl.invoke0(Native Method) ~[na:1.8.0_31]
	at sun.reflect.NativeMethodAccessorImpl.invoke(NativeMethodAccessorImpl.java:62) ~[na:1.8.0_31]
	at sun.reflect.DelegatingMethodAccessorImpl.invoke(DelegatingMethodAccessorImpl.java:43) ~[na:1.8.0_31]
	at java.lang.reflect.Method.invoke(Method.java:483) ~[na:1.8.0_31]
	at org.springframework.beans.factory.support.SimpleInstantiationStrategy.instantiate(SimpleInstantiationStrategy.java:154) ~[spring-beans-5.1.0.RC1.jar:5.1.0.RC1]
	... 46 common frames omitted

2018-08-09 21:41:00.085 ERROR 5788 --- [           main] o.s.test.context.TestContextManager      : Caught exception while allowing TestExecutionListener [org.springframework.test.context.web.ServletTestExecutionListener@2b71e916] to prepare test instance [com.camunda.UserFetchDemo.UserFetchDemoApplicationTests@61a5b4ae]

java.lang.IllegalStateException: Failed to load ApplicationContext
	at org.springframework.test.context.cache.DefaultCacheAwareContextLoaderDelegate.loadContext(DefaultCacheAwareContextLoaderDelegate.java:125) ~[spring-test-5.1.0.RC1.jar:5.1.0.RC1]
	at org.springframework.test.context.support.DefaultTestContext.getApplicationContext(DefaultTestContext.java:108) ~[spring-test-5.1.0.RC1.jar:5.1.0.RC1]
	at org.springframework.test.context.web.ServletTestExecutionListener.setUpRequestContextIfNecessary(ServletTestExecutionListener.java:190) ~[spring-test-5.1.0.RC1.jar:5.1.0.RC1]
	at org.springframework.test.context.web.ServletTestExecutionListener.prepareTestInstance(ServletTestExecutionListener.java:132) ~[spring-test-5.1.0.RC1.jar:5.1.0.RC1]
	at org.springframework.test.context.TestContextManager.prepareTestInstance(TestContextManager.java:246) ~[spring-test-5.1.0.RC1.jar:5.1.0.RC1]
	at org.springframework.test.context.junit4.SpringJUnit4ClassRunner.createTest(SpringJUnit4ClassRunner.java:227) [spring-test-5.1.0.RC1.jar:5.1.0.RC1]
	at org.springframework.test.context.junit4.SpringJUnit4ClassRunner$1.runReflectiveCall(SpringJUnit4ClassRunner.java:289) [spring-test-5.1.0.RC1.jar:5.1.0.RC1]
	at org.junit.internal.runners.model.ReflectiveCallable.run(ReflectiveCallable.java:12) [junit-4.12.jar:4.12]
	at org.springframework.test.context.junit4.SpringJUnit4ClassRunner.methodBlock(SpringJUnit4ClassRunner.java:291) [spring-test-5.1.0.RC1.jar:5.1.0.RC1]
	at org.springframework.test.context.junit4.SpringJUnit4ClassRunner.runChild(SpringJUnit4ClassRunner.java:246) [spring-test-5.1.0.RC1.jar:5.1.0.RC1]
	at org.springframework.test.context.junit4.SpringJUnit4ClassRunner.runChild(SpringJUnit4ClassRunner.java:97) [spring-test-5.1.0.RC1.jar:5.1.0.RC1]
	at org.junit.runners.ParentRunner$3.run(ParentRunner.java:290) [junit-4.12.jar:4.12]
	at org.junit.runners.ParentRunner$1.schedule(ParentRunner.java:71) [junit-4.12.jar:4.12]
	at org.junit.runners.ParentRunner.runChildren(ParentRunner.java:288) [junit-4.12.jar:4.12]
	at org.junit.runners.ParentRunner.access$000(ParentRunner.java:58) [junit-4.12.jar:4.12]
	at org.junit.runners.ParentRunner$2.evaluate(ParentRunner.java:268) [junit-4.12.jar:4.12]
	at org.springframework.test.context.junit4.statements.RunBeforeTestClassCallbacks.evaluate(RunBeforeTestClassCallbacks.java:61) [spring-test-5.1.0.RC1.jar:5.1.0.RC1]
	at org.springframework.test.context.junit4.statements.RunAfterTestClassCallbacks.evaluate(RunAfterTestClassCallbacks.java:70) [spring-test-5.1.0.RC1.jar:5.1.0.RC1]
	at org.junit.runners.ParentRunner.run(ParentRunner.java:363) [junit-4.12.jar:4.12]
	at org.springframework.test.context.junit4.SpringJUnit4ClassRunner.run(SpringJUnit4ClassRunner.java:190) [spring-test-5.1.0.RC1.jar:5.1.0.RC1]
	at org.apache.maven.surefire.junit4.JUnit4Provider.execute(JUnit4Provider.java:365) [surefire-junit4-2.22.0.jar:2.22.0]
	at org.apache.maven.surefire.junit4.JUnit4Provider.executeWithRerun(JUnit4Provider.java:273) [surefire-junit4-2.22.0.jar:2.22.0]
	at org.apache.maven.surefire.junit4.JUnit4Provider.executeTestSet(JUnit4Provider.java:238) [surefire-junit4-2.22.0.jar:2.22.0]
	at org.apache.maven.surefire.junit4.JUnit4Provider.invoke(JUnit4Provider.java:159) [surefire-junit4-2.22.0.jar:2.22.0]
	at org.apache.maven.surefire.booter.ForkedBooter.invokeProviderInSameClassLoader(ForkedBooter.java:383) [surefire-booter-2.22.0.jar:2.22.0]
	at org.apache.maven.surefire.booter.ForkedBooter.runSuitesInProcess(ForkedBooter.java:344) [surefire-booter-2.22.0.jar:2.22.0]
	at org.apache.maven.surefire.booter.ForkedBooter.execute(ForkedBooter.java:125) [surefire-booter-2.22.0.jar:2.22.0]
	at org.apache.maven.surefire.booter.ForkedBooter.main(ForkedBooter.java:417) [surefire-booter-2.22.0.jar:2.22.0]
Caused by: org.springframework.beans.factory.BeanCreationException: Error creating bean with name 'run' defined in com.camunda.UserFetchDemo.UserFetchDemoApplication: Bean instantiation via factory method failed; nested exception is org.springframework.beans.BeanInstantiationException: Failed to instantiate [org.springframework.boot.CommandLineRunner]: Factory method 'run' threw exception; nested exception is com.camunda.UserFetchDemo.TaskException
	at org.springframework.beans.factory.support.ConstructorResolver.instantiateUsingFactoryMethod(ConstructorResolver.java:594) ~[spring-beans-5.1.0.RC1.jar:5.1.0.RC1]
	at org.springframework.beans.factory.support.AbstractAutowireCapableBeanFactory.instantiateUsingFactoryMethod(AbstractAutowireCapableBeanFactory.java:1282) ~[spring-beans-5.1.0.RC1.jar:5.1.0.RC1]
	at org.springframework.beans.factory.support.AbstractAutowireCapableBeanFactory.createBeanInstance(AbstractAutowireCapableBeanFactory.java:1126) ~[spring-beans-5.1.0.RC1.jar:5.1.0.RC1]
	at org.springframework.beans.factory.support.AbstractAutowireCapableBeanFactory.doCreateBean(AbstractAutowireCapableBeanFactory.java:538) ~[spring-beans-5.1.0.RC1.jar:5.1.0.RC1]
	at org.springframework.beans.factory.support.AbstractAutowireCapableBeanFactory.createBean(AbstractAutowireCapableBeanFactory.java:498) ~[spring-beans-5.1.0.RC1.jar:5.1.0.RC1]
	at org.springframework.beans.factory.support.AbstractBeanFactory.lambda$doGetBean$0(AbstractBeanFactory.java:320) ~[spring-beans-5.1.0.RC1.jar:5.1.0.RC1]
	at org.springframework.beans.factory.support.AbstractBeanFactory$$Lambda$121/884603232.getObject(Unknown Source) ~[na:na]
	at org.springframework.beans.factory.support.DefaultSingletonBeanRegistry.getSingleton(DefaultSingletonBeanRegistry.java:222) ~[spring-beans-5.1.0.RC1.jar:5.1.0.RC1]
	at org.springframework.beans.factory.support.AbstractBeanFactory.doGetBean(AbstractBeanFactory.java:318) ~[spring-beans-5.1.0.RC1.jar:5.1.0.RC1]
	at org.springframework.beans.factory.support.AbstractBeanFactory.getBean(AbstractBeanFactory.java:199) ~[spring-beans-5.1.0.RC1.jar:5.1.0.RC1]
	at org.springframework.beans.factory.support.DefaultListableBeanFactory.preInstantiateSingletons(DefaultListableBeanFactory.java:825) ~[spring-beans-5.1.0.RC1.jar:5.1.0.RC1]
	at org.springframework.context.support.AbstractApplicationContext.finishBeanFactoryInitialization(AbstractApplicationContext.java:865) ~[spring-context-5.1.0.RC1.jar:5.1.0.RC1]
	at org.springframework.context.support.AbstractApplicationContext.refresh(AbstractApplicationContext.java:548) ~[spring-context-5.1.0.RC1.jar:5.1.0.RC1]
	at org.springframework.boot.SpringApplication.refresh(SpringApplication.java:769) ~[spring-boot-2.1.0.BUILD-SNAPSHOT.jar:2.1.0.BUILD-SNAPSHOT]
	at org.springframework.boot.SpringApplication.refreshContext(SpringApplication.java:405) ~[spring-boot-2.1.0.BUILD-SNAPSHOT.jar:2.1.0.BUILD-SNAPSHOT]
	at org.springframework.boot.SpringApplication.run(SpringApplication.java:334) ~[spring-boot-2.1.0.BUILD-SNAPSHOT.jar:2.1.0.BUILD-SNAPSHOT]
	at org.springframework.boot.test.context.SpringBootContextLoader.loadContext(SpringBootContextLoader.java:139) ~[spring-boot-test-2.1.0.BUILD-SNAPSHOT.jar:2.1.0.BUILD-SNAPSHOT]
	at org.springframework.test.context.cache.DefaultCacheAwareContextLoaderDelegate.loadContextInternal(DefaultCacheAwareContextLoaderDelegate.java:99) ~[spring-test-5.1.0.RC1.jar:5.1.0.RC1]
	at org.springframework.test.context.cache.DefaultCacheAwareContextLoaderDelegate.loadContext(DefaultCacheAwareContextLoaderDelegate.java:117) ~[spring-test-5.1.0.RC1.jar:5.1.0.RC1]
	... 27 common frames omitted
Caused by: org.springframework.beans.BeanInstantiationException: Failed to instantiate [org.springframework.boot.CommandLineRunner]: Factory method 'run' threw exception; nested exception is com.camunda.UserFetchDemo.TaskException
	at org.springframework.beans.factory.support.SimpleInstantiationStrategy.instantiate(SimpleInstantiationStrategy.java:185) ~[spring-beans-5.1.0.RC1.jar:5.1.0.RC1]
	at org.springframework.beans.factory.support.ConstructorResolver.instantiateUsingFactoryMethod(ConstructorResolver.java:586) ~[spring-beans-5.1.0.RC1.jar:5.1.0.RC1]
	... 45 common frames omitted
Caused by: com.camunda.UserFetchDemo.TaskException: null
	at com.camunda.UserFetchDemo.UserFetchDemoApplication.run(UserFetchDemoApplication.java:39) ~[classes/:na]
	at com.camunda.UserFetchDemo.UserFetchDemoApplication$$EnhancerBySpringCGLIB$$10e44e7b.CGLIB$run$0(<generated>) ~[classes/:na]
	at com.camunda.UserFetchDemo.UserFetchDemoApplication$$EnhancerBySpringCGLIB$$10e44e7b$$FastClassBySpringCGLIB$$7b988253.invoke(<generated>) ~[classes/:na]
	at org.springframework.cglib.proxy.MethodProxy.invokeSuper(MethodProxy.java:244) ~[spring-core-5.1.0.RC1.jar:5.1.0.RC1]
	at org.springframework.context.annotation.ConfigurationClassEnhancer$BeanMethodInterceptor.intercept(ConfigurationClassEnhancer.java:361) ~[spring-context-5.1.0.RC1.jar:5.1.0.RC1]
	at com.camunda.UserFetchDemo.UserFetchDemoApplication$$EnhancerBySpringCGLIB$$10e44e7b.run(<generated>) ~[classes/:na]
	at sun.reflect.NativeMethodAccessorImpl.invoke0(Native Method) ~[na:1.8.0_31]
	at sun.reflect.NativeMethodAccessorImpl.invoke(NativeMethodAccessorImpl.java:62) ~[na:1.8.0_31]
	at sun.reflect.DelegatingMethodAccessorImpl.invoke(DelegatingMethodAccessorImpl.java:43) ~[na:1.8.0_31]
	at java.lang.reflect.Method.invoke(Method.java:483) ~[na:1.8.0_31]
	at org.springframework.beans.factory.support.SimpleInstantiationStrategy.instantiate(SimpleInstantiationStrategy.java:154) ~[spring-beans-5.1.0.RC1.jar:5.1.0.RC1]
	... 46 common frames omitted

]]></system-out>
  </testcase>
</testsuite>